<?xml version="1.0" encoding="UTF-8"?>
<coverage generated="1767885387213" clover="3.2.0">
  <project timestamp="1767885387214" name="All files">
    <metrics statements="8" coveredstatements="8" conditionals="7" coveredconditionals="7" methods="2" coveredmethods="2" elements="17" coveredelements="17" complexity="0" loc="8" ncloc="8" packages="1" files="1" classes="1"/>
    <file name="getNotes.ts" path="C:\Users\patry\Documents\wep-apps\guitar-shape-lib\src\utils\getNotes\getNotes.ts">
      <metrics statements="8" coveredstatements="8" conditionals="7" coveredconditionals="7" methods="2" coveredmethods="2"/>
      <line num="1" count="1" type="stmt"/>
      <line num="2" count="1" type="stmt"/>
      <line num="14" count="1" type="cond" truecount="3" falsecount="0"/>
      <line num="15" count="6" type="cond" truecount="2" falsecount="0"/>
      <line num="17" count="6" type="stmt"/>
      <line num="19" count="6" type="cond" truecount="2" falsecount="0"/>
      <line num="21" count="1" type="stmt"/>
      <line num="26" count="58" type="stmt"/>
    </file>
  </project>
</coverage>
