{"C:\\Users\\patry\\Documents\\wep-apps\\guitar-shape-lib\\src\\utils\\getNotes\\getNotes.ts": {"path":"C:\\Users\\patry\\Documents\\wep-apps\\guitar-shape-lib\\src\\utils\\getNotes\\getNotes.ts","statementMap":{"0":{"start":{"line":1,"column":20},"end":{"line":1,"column":null}},"1":{"start":{"line":2,"column":19},"end":{"line":2,"column":null}},"2":{"start":{"line":14,"column":17},"end":{"line":27,"column":null}},"3":{"start":{"line":15,"column":33},"end":{"line":15,"column":null}},"4":{"start":{"line":17,"column":21},"end":{"line":17,"column":null}},"5":{"start":{"line":19,"column":2},"end":{"line":24,"column":null}},"6":{"start":{"line":21,"column":4},"end":{"line":23,"column":null}},"7":{"start":{"line":26,"column":2},"end":{"line":26,"column":null}},"8":{"start":{"line":26,"column":54},"end":{"line":26,"column":92}}},"fnMap":{"0":{"name":"(anonymous_0)","decl":{"start":{"line":14,"column":17},"end":{"line":14,"column":18}},"loc":{"start":{"line":14,"column":96},"end":{"line":27,"column":null}},"line":14},"1":{"name":"(anonymous_1)","decl":{"start":{"line":26,"column":44},"end":{"line":26,"column":45}},"loc":{"start":{"line":26,"column":54},"end":{"line":26,"column":92}},"line":26}},"branchMap":{"0":{"loc":{"start":{"line":14,"column":20},"end":{"line":14,"column":37}},"type":"default-arg","locations":[{"start":{"line":14,"column":32},"end":{"line":14,"column":37}}],"line":14},"1":{"loc":{"start":{"line":14,"column":37},"end":{"line":14,"column":50}},"type":"default-arg","locations":[{"start":{"line":14,"column":46},"end":{"line":14,"column":50}}],"line":14},"2":{"loc":{"start":{"line":14,"column":50},"end":{"line":14,"column":68}},"type":"default-arg","locations":[{"start":{"line":14,"column":62},"end":{"line":14,"column":68}}],"line":14},"3":{"loc":{"start":{"line":15,"column":33},"end":{"line":15,"column":null}},"type":"cond-expr","locations":[{"start":{"line":15,"column":45},"end":{"line":15,"column":58}},{"start":{"line":15,"column":58},"end":{"line":15,"column":null}}],"line":15},"4":{"loc":{"start":{"line":19,"column":2},"end":{"line":24,"column":null}},"type":"if","locations":[{"start":{"line":19,"column":2},"end":{"line":24,"column":null}},{"start":{},"end":{}}],"line":19}},"s":{"0":1,"1":1,"2":1,"3":6,"4":6,"5":6,"6":1,"7":5,"8":58},"f":{"0":6,"1":58},"b":{"0":[6],"1":[6],"2":[6],"3":[1,5],"4":[1,5]},"meta":{"lastBranch":5,"lastFunction":2,"lastStatement":9,"seen":{"s:1:20:1:Infinity":0,"s:2:19:2:Infinity":1,"s:14:17:27:Infinity":2,"f:14:17:14:18":0,"b:14:32:14:37":0,"b:14:46:14:50":1,"b:14:62:14:68":2,"s:15:33:15:Infinity":3,"b:15:45:15:58:15:58:15:Infinity":3,"s:17:21:17:Infinity":4,"b:19:2:24:Infinity:undefined:undefined:undefined:undefined":4,"s:19:2:24:Infinity":5,"s:21:4:23:Infinity":6,"s:26:2:26:Infinity":7,"f:26:44:26:45":1,"s:26:54:26:92":8}}}
}
